{"contracts/Pass.sol":{"l":{"81":108,"82":108,"83":108,"85":108,"86":108,"87":108,"89":108,"90":108,"92":108,"109":0,"118":0,"119":0,"121":0,"136":0,"143":0,"147":2,"148":2,"150":0,"153":0,"154":0,"159":23,"161":22,"162":22,"163":22,"164":2,"167":20,"168":1,"171":19,"175":23,"176":23,"177":1,"188":0,"189":0,"190":0,"198":4,"200":4,"201":0,"204":4,"205":4,"206":0,"208":4,"211":4,"217":5,"229":108,"230":108,"231":108,"232":108,"233":108,"235":108,"239":21,"240":21,"241":21,"250":0,"259":5,"261":4,"264":1,"267":3,"268":3,"270":3,"273":3,"274":3,"276":3,"277":2,"280":3,"281":1,"284":2,"286":2,"294":14,"296":14,"297":0,"300":14,"306":14,"314":16,"315":16,"316":2,"322":2,"325":2,"327":2,"334":16,"335":16,"336":16,"337":16,"338":0,"347":2,"352":4,"353":1,"356":3,"359":3,"360":3,"362":3,"364":3,"365":1,"368":2,"369":0,"372":2,"373":2,"374":2,"375":0,"384":16,"385":16,"393":4,"404":4,"410":4,"414":8,"415":8,"420":1,"424":2,"425":2,"430":4,"431":2,"433":2,"440":8,"448":2,"455":5,"459":5,"460":1,"463":4,"464":4,"465":2,"467":2,"468":2,"469":2,"470":2,"471":0,"474":2,"475":2,"476":2},"path":"/Users/maxlimsukhawat/Dev/whaletogether/whale168/whale168-contract/contracts/Pass.sol","s":{"1":108,"2":108,"3":0,"4":0,"5":0,"6":0,"7":2,"8":0,"9":0,"10":23,"11":22,"12":22,"13":20,"14":23,"15":4,"16":4,"17":4,"18":4,"19":4,"20":5,"21":21,"22":21,"23":5,"24":4,"25":3,"26":3,"27":3,"28":3,"29":3,"30":2,"31":2,"32":14,"33":14,"34":14,"35":14,"36":16,"37":16,"38":2,"39":2,"40":2,"41":16,"42":16,"43":16,"44":16,"45":4,"46":3,"47":3,"48":3,"49":2,"50":2,"51":2,"52":2,"53":16,"54":16,"55":4,"56":4,"57":4,"58":8,"59":2,"60":4,"61":2,"62":5,"63":5,"64":4,"65":4,"66":2,"67":2,"68":2,"69":2,"70":2,"71":2},"b":{"1":[0,0],"2":[0,0],"3":[0,0],"4":[0,0],"5":[0,0],"6":[2,1],"7":[2,0],"8":[0,0],"9":[2,20],"10":[1,19],"11":[1,22],"12":[0,0],"13":[4,1],"14":[0,4],"15":[0,4],"16":[108,0],"17":[21,0],"18":[21,0],"19":[0,0],"20":[5,1],"21":[4,1],"22":[1,3],"23":[2,1],"24":[1,2],"25":[14,3],"26":[0,14],"27":[2,14],"28":[0,2],"29":[16,0],"30":[0,16],"31":[1,3],"32":[1,2],"33":[0,2],"34":[2,0],"35":[0,2],"36":[4,1],"37":[8,0],"38":[1,1],"39":[2,0],"40":[2,0],"41":[2,2],"42":[8,0],"43":[2,2],"44":[1,4],"45":[2,2],"46":[2,0],"47":[0,2]},"f":{"1":108,"2":0,"3":0,"4":0,"5":0,"6":2,"7":23,"8":23,"9":0,"10":4,"11":5,"12":108,"13":21,"14":0,"15":5,"16":14,"17":16,"18":2,"19":4,"20":16,"21":4,"22":4,"23":4,"24":8,"25":1,"26":2,"27":4,"28":8,"29":2,"30":5,"31":5},"fnMap":{"1":{"name":"constructor","line":80,"loc":{"start":{"line":71,"column":4},"end":{"line":101,"column":4}}},"2":{"name":"supportsInterface","line":106,"loc":{"start":{"line":106,"column":4},"end":{"line":112,"column":4}}},"3":{"name":"uri","line":117,"loc":{"start":{"line":117,"column":4},"end":{"line":130,"column":4}}},"4":{"name":"updateBaseUri","line":135,"loc":{"start":{"line":132,"column":4},"end":{"line":137,"column":4}}},"5":{"name":"setRoyaltyInfo","line":142,"loc":{"start":{"line":139,"column":4},"end":{"line":144,"column":4}}},"6":{"name":"withdrawETH","line":146,"loc":{"start":{"line":146,"column":4},"end":{"line":156,"column":4}}},"7":{"name":"canMint","line":158,"loc":{"start":{"line":158,"column":4},"end":{"line":172,"column":4}}},"8":{"name":"_guardMint","line":174,"loc":{"start":{"line":174,"column":4},"end":{"line":180,"column":4}}},"9":{"name":"setMintPlan","line":187,"loc":{"start":{"line":182,"column":4},"end":{"line":191,"column":4}}},"10":{"name":"devMintTo","line":197,"loc":{"start":{"line":193,"column":4},"end":{"line":212,"column":4}}},"11":{"name":"getSaleConfig","line":214,"loc":{"start":{"line":214,"column":4},"end":{"line":218,"column":4}}},"12":{"name":"setSaleConfig","line":228,"loc":{"start":{"line":220,"column":4},"end":{"line":236,"column":4}}},"13":{"name":"setSaleStatus","line":238,"loc":{"start":{"line":238,"column":4},"end":{"line":243,"column":4}}},"14":{"name":"setUserExclusive","line":249,"loc":{"start":{"line":245,"column":4},"end":{"line":251,"column":4}}},"15":{"name":"exclusiveMint","line":258,"loc":{"start":{"line":253,"column":4},"end":{"line":287,"column":4}}},"16":{"name":"mint","line":293,"loc":{"start":{"line":289,"column":4},"end":{"line":307,"column":4}}},"17":{"name":"_calculateAndHandleRevenueShare","line":309,"loc":{"start":{"line":309,"column":4},"end":{"line":340,"column":4}}},"18":{"name":"_recordRefferal","line":342,"loc":{"start":{"line":342,"column":4},"end":{"line":349,"column":4}}},"19":{"name":"claimPayout","line":351,"loc":{"start":{"line":351,"column":4},"end":{"line":377,"column":4}}},"20":{"name":"_handleMint","line":379,"loc":{"start":{"line":379,"column":4},"end":{"line":386,"column":4}}},"21":{"name":"_hash","line":388,"loc":{"start":{"line":388,"column":4},"end":{"line":397,"column":4}}},"22":{"name":"_verify","line":399,"loc":{"start":{"line":399,"column":4},"end":{"line":407,"column":4}}},"23":{"name":"toggleContractForSale","line":409,"loc":{"start":{"line":409,"column":4},"end":{"line":411,"column":4}}},"24":{"name":"_toggleContractForSale","line":413,"loc":{"start":{"line":413,"column":4},"end":{"line":417,"column":4}}},"25":{"name":"setTakeOverPrice","line":419,"loc":{"start":{"line":419,"column":4},"end":{"line":421,"column":4}}},"26":{"name":"togglePayoutStatus","line":423,"loc":{"start":{"line":423,"column":4},"end":{"line":427,"column":4}}},"27":{"name":"onlyAuthorizedWallet","line":429,"loc":{"start":{"line":429,"column":4},"end":{"line":434,"column":4}}},"28":{"name":"setAuthorizedWallet","line":439,"loc":{"start":{"line":436,"column":4},"end":{"line":441,"column":4}}},"29":{"name":"authorizedBurnBatch","line":447,"loc":{"start":{"line":443,"column":4},"end":{"line":449,"column":4}}},"30":{"name":"burnBatch","line":451,"loc":{"start":{"line":451,"column":4},"end":{"line":456,"column":4}}},"31":{"name":"brotherIWantToTakeOver","line":458,"loc":{"start":{"line":458,"column":4},"end":{"line":477,"column":4}}}},"statementMap":{"1":{"start":{"line":83,"column":8},"end":{"line":83,"column":54}},"2":{"start":{"line":92,"column":8},"end":{"line":92,"column":2685}},"3":{"start":{"line":109,"column":8},"end":{"line":109,"column":3209}},"4":{"start":{"line":118,"column":8},"end":{"line":118,"column":3402}},"5":{"start":{"line":121,"column":8},"end":{"line":121,"column":3528}},"6":{"start":{"line":143,"column":8},"end":{"line":143,"column":51}},"7":{"start":{"line":147,"column":8},"end":{"line":147,"column":4190}},"8":{"start":{"line":150,"column":8},"end":{"line":150,"column":4275}},"9":{"start":{"line":153,"column":8},"end":{"line":153,"column":4380}},"10":{"start":{"line":159,"column":8},"end":{"line":159,"column":25}},"11":{"start":{"line":162,"column":12},"end":{"line":162,"column":62}},"12":{"start":{"line":163,"column":12},"end":{"line":163,"column":4637}},"13":{"start":{"line":167,"column":12},"end":{"line":167,"column":4732}},"14":{"start":{"line":176,"column":12},"end":{"line":176,"column":4966}},"15":{"start":{"line":198,"column":8},"end":{"line":198,"column":34}},"16":{"start":{"line":200,"column":8},"end":{"line":200,"column":5568}},"17":{"start":{"line":204,"column":8},"end":{"line":204,"column":5649}},"18":{"start":{"line":205,"column":12},"end":{"line":205,"column":5699}},"19":{"start":{"line":211,"column":8},"end":{"line":211,"column":43}},"20":{"start":{"line":217,"column":8},"end":{"line":217,"column":34}},"21":{"start":{"line":239,"column":8},"end":{"line":239,"column":6916}},"22":{"start":{"line":241,"column":12},"end":{"line":241,"column":50}},"23":{"start":{"line":259,"column":8},"end":{"line":259,"column":52}},"24":{"start":{"line":261,"column":8},"end":{"line":261,"column":7528}},"25":{"start":{"line":267,"column":8},"end":{"line":267,"column":67}},"26":{"start":{"line":268,"column":8},"end":{"line":268,"column":47}},"27":{"start":{"line":270,"column":8},"end":{"line":270,"column":7823}},"28":{"start":{"line":276,"column":8},"end":{"line":276,"column":8043}},"29":{"start":{"line":280,"column":8},"end":{"line":280,"column":8178}},"30":{"start":{"line":284,"column":8},"end":{"line":284,"column":70}},"31":{"start":{"line":286,"column":8},"end":{"line":286,"column":48}},"32":{"start":{"line":294,"column":8},"end":{"line":294,"column":67}},"33":{"start":{"line":296,"column":8},"end":{"line":296,"column":8623}},"34":{"start":{"line":300,"column":8},"end":{"line":300,"column":8712}},"35":{"start":{"line":306,"column":8},"end":{"line":306,"column":48}},"36":{"start":{"line":314,"column":8},"end":{"line":314,"column":43}},"37":{"start":{"line":315,"column":8},"end":{"line":315,"column":9099}},"38":{"start":{"line":316,"column":12},"end":{"line":316,"column":9206}},"39":{"start":{"line":322,"column":12},"end":{"line":322,"column":9457}},"40":{"start":{"line":327,"column":12},"end":{"line":327,"column":9605}},"41":{"start":{"line":334,"column":8},"end":{"line":334,"column":46}},"42":{"start":{"line":335,"column":8},"end":{"line":335,"column":60}},"43":{"start":{"line":336,"column":8},"end":{"line":336,"column":70}},"44":{"start":{"line":337,"column":8},"end":{"line":337,"column":9941}},"45":{"start":{"line":352,"column":8},"end":{"line":352,"column":10333}},"46":{"start":{"line":356,"column":8},"end":{"line":356,"column":10436}},"47":{"start":{"line":362,"column":8},"end":{"line":362,"column":33}},"48":{"start":{"line":364,"column":8},"end":{"line":364,"column":10714}},"49":{"start":{"line":368,"column":8},"end":{"line":368,"column":10799}},"50":{"start":{"line":372,"column":8},"end":{"line":372,"column":60}},"51":{"start":{"line":373,"column":8},"end":{"line":373,"column":68}},"52":{"start":{"line":374,"column":8},"end":{"line":374,"column":11008}},"53":{"start":{"line":384,"column":8},"end":{"line":384,"column":43}},"54":{"start":{"line":385,"column":8},"end":{"line":385,"column":46}},"55":{"start":{"line":393,"column":8},"end":{"line":393,"column":11446}},"56":{"start":{"line":404,"column":8},"end":{"line":404,"column":11774}},"57":{"start":{"line":410,"column":8},"end":{"line":410,"column":41}},"58":{"start":{"line":414,"column":8},"end":{"line":414,"column":12041}},"59":{"start":{"line":424,"column":8},"end":{"line":424,"column":12330}},"60":{"start":{"line":430,"column":8},"end":{"line":430,"column":12480}},"61":{"start":{"line":448,"column":8},"end":{"line":448,"column":50}},"62":{"start":{"line":455,"column":8},"end":{"line":455,"column":49}},"63":{"start":{"line":459,"column":8},"end":{"line":459,"column":13206}},"64":{"start":{"line":463,"column":8},"end":{"line":463,"column":36}},"65":{"start":{"line":464,"column":8},"end":{"line":464,"column":13315}},"66":{"start":{"line":467,"column":8},"end":{"line":467,"column":46}},"67":{"start":{"line":468,"column":8},"end":{"line":468,"column":60}},"68":{"start":{"line":469,"column":8},"end":{"line":469,"column":65}},"69":{"start":{"line":470,"column":8},"end":{"line":470,"column":13584}},"70":{"start":{"line":474,"column":8},"end":{"line":474,"column":44}},"71":{"start":{"line":476,"column":8},"end":{"line":476,"column":39}}},"branchMap":{"1":{"line":110,"type":"cond-expr","locations":[{"start":{"line":110,"column":12},"end":{"line":110,"column":49}},{"start":{"line":111,"column":12},"end":{"line":111,"column":47}}]},"2":{"line":118,"type":"if","locations":[{"start":{"line":118,"column":8},"end":{"line":118,"column":8}},{"start":{"line":118,"column":8},"end":{"line":118,"column":8}}]},"3":{"line":123,"type":"if","locations":[{"start":{"line":123,"column":18},"end":{"line":128,"column":16}},{"start":{"line":129,"column":18},"end":{"line":129,"column":41}}]},"4":{"line":135,"type":"if","locations":[{"start":{"line":135,"column":15},"end":{"line":135,"column":15}},{"start":{"line":135,"column":15},"end":{"line":135,"column":15}}]},"5":{"line":142,"type":"if","locations":[{"start":{"line":142,"column":13},"end":{"line":142,"column":13}},{"start":{"line":142,"column":13},"end":{"line":142,"column":13}}]},"6":{"line":146,"type":"if","locations":[{"start":{"line":146,"column":34},"end":{"line":146,"column":34}},{"start":{"line":146,"column":34},"end":{"line":146,"column":34}}]},"7":{"line":147,"type":"if","locations":[{"start":{"line":147,"column":8},"end":{"line":147,"column":8}},{"start":{"line":147,"column":8},"end":{"line":147,"column":8}}]},"8":{"line":153,"type":"if","locations":[{"start":{"line":153,"column":8},"end":{"line":153,"column":8}},{"start":{"line":153,"column":8},"end":{"line":153,"column":8}}]},"9":{"line":163,"type":"if","locations":[{"start":{"line":163,"column":12},"end":{"line":163,"column":12}},{"start":{"line":163,"column":12},"end":{"line":163,"column":12}}]},"10":{"line":167,"type":"if","locations":[{"start":{"line":167,"column":12},"end":{"line":167,"column":12}},{"start":{"line":167,"column":12},"end":{"line":167,"column":12}}]},"11":{"line":176,"type":"if","locations":[{"start":{"line":176,"column":12},"end":{"line":176,"column":12}},{"start":{"line":176,"column":12},"end":{"line":176,"column":12}}]},"12":{"line":187,"type":"if","locations":[{"start":{"line":187,"column":15},"end":{"line":187,"column":15}},{"start":{"line":187,"column":15},"end":{"line":187,"column":15}}]},"13":{"line":197,"type":"if","locations":[{"start":{"line":197,"column":15},"end":{"line":197,"column":15}},{"start":{"line":197,"column":15},"end":{"line":197,"column":15}}]},"14":{"line":200,"type":"if","locations":[{"start":{"line":200,"column":8},"end":{"line":200,"column":8}},{"start":{"line":200,"column":8},"end":{"line":200,"column":8}}]},"15":{"line":205,"type":"if","locations":[{"start":{"line":205,"column":12},"end":{"line":205,"column":12}},{"start":{"line":205,"column":12},"end":{"line":205,"column":12}}]},"16":{"line":228,"type":"if","locations":[{"start":{"line":228,"column":13},"end":{"line":228,"column":13}},{"start":{"line":228,"column":13},"end":{"line":228,"column":13}}]},"17":{"line":238,"type":"if","locations":[{"start":{"line":238,"column":66},"end":{"line":238,"column":66}},{"start":{"line":238,"column":66},"end":{"line":238,"column":66}}]},"18":{"line":239,"type":"if","locations":[{"start":{"line":239,"column":8},"end":{"line":239,"column":8}},{"start":{"line":239,"column":8},"end":{"line":239,"column":8}}]},"19":{"line":249,"type":"if","locations":[{"start":{"line":249,"column":15},"end":{"line":249,"column":15}},{"start":{"line":249,"column":15},"end":{"line":249,"column":15}}]},"20":{"line":258,"type":"if","locations":[{"start":{"line":258,"column":23},"end":{"line":258,"column":23}},{"start":{"line":258,"column":23},"end":{"line":258,"column":23}}]},"21":{"line":259,"type":"if","locations":[{"start":{"line":259,"column":8},"end":{"line":259,"column":8}},{"start":{"line":259,"column":8},"end":{"line":259,"column":8}}]},"22":{"line":261,"type":"if","locations":[{"start":{"line":261,"column":8},"end":{"line":261,"column":8}},{"start":{"line":261,"column":8},"end":{"line":261,"column":8}}]},"23":{"line":276,"type":"if","locations":[{"start":{"line":276,"column":8},"end":{"line":276,"column":8}},{"start":{"line":276,"column":8},"end":{"line":276,"column":8}}]},"24":{"line":280,"type":"if","locations":[{"start":{"line":280,"column":8},"end":{"line":280,"column":8}},{"start":{"line":280,"column":8},"end":{"line":280,"column":8}}]},"25":{"line":293,"type":"if","locations":[{"start":{"line":293,"column":23},"end":{"line":293,"column":23}},{"start":{"line":293,"column":23},"end":{"line":293,"column":23}}]},"26":{"line":296,"type":"if","locations":[{"start":{"line":296,"column":8},"end":{"line":296,"column":8}},{"start":{"line":296,"column":8},"end":{"line":296,"column":8}}]},"27":{"line":315,"type":"if","locations":[{"start":{"line":315,"column":8},"end":{"line":315,"column":8}},{"start":{"line":315,"column":8},"end":{"line":315,"column":8}}]},"28":{"line":319,"type":"if","locations":[{"start":{"line":319,"column":18},"end":{"line":319,"column":68}},{"start":{"line":320,"column":18},"end":{"line":320,"column":59}}]},"29":{"line":335,"type":"if","locations":[{"start":{"line":335,"column":8},"end":{"line":335,"column":8}},{"start":{"line":335,"column":8},"end":{"line":335,"column":8}}]},"30":{"line":337,"type":"if","locations":[{"start":{"line":337,"column":8},"end":{"line":337,"column":8}},{"start":{"line":337,"column":8},"end":{"line":337,"column":8}}]},"31":{"line":352,"type":"if","locations":[{"start":{"line":352,"column":8},"end":{"line":352,"column":8}},{"start":{"line":352,"column":8},"end":{"line":352,"column":8}}]},"32":{"line":364,"type":"if","locations":[{"start":{"line":364,"column":8},"end":{"line":364,"column":8}},{"start":{"line":364,"column":8},"end":{"line":364,"column":8}}]},"33":{"line":368,"type":"if","locations":[{"start":{"line":368,"column":8},"end":{"line":368,"column":8}},{"start":{"line":368,"column":8},"end":{"line":368,"column":8}}]},"34":{"line":372,"type":"if","locations":[{"start":{"line":372,"column":8},"end":{"line":372,"column":8}},{"start":{"line":372,"column":8},"end":{"line":372,"column":8}}]},"35":{"line":374,"type":"if","locations":[{"start":{"line":374,"column":8},"end":{"line":374,"column":8}},{"start":{"line":374,"column":8},"end":{"line":374,"column":8}}]},"36":{"line":409,"type":"if","locations":[{"start":{"line":409,"column":59},"end":{"line":409,"column":59}},{"start":{"line":409,"column":59},"end":{"line":409,"column":59}}]},"37":{"line":414,"type":"if","locations":[{"start":{"line":414,"column":8},"end":{"line":414,"column":8}},{"start":{"line":414,"column":8},"end":{"line":414,"column":8}}]},"38":{"line":419,"type":"if","locations":[{"start":{"line":419,"column":63},"end":{"line":419,"column":63}},{"start":{"line":419,"column":63},"end":{"line":419,"column":63}}]},"39":{"line":423,"type":"if","locations":[{"start":{"line":423,"column":63},"end":{"line":423,"column":63}},{"start":{"line":423,"column":63},"end":{"line":423,"column":63}}]},"40":{"line":424,"type":"if","locations":[{"start":{"line":424,"column":8},"end":{"line":424,"column":8}},{"start":{"line":424,"column":8},"end":{"line":424,"column":8}}]},"41":{"line":430,"type":"if","locations":[{"start":{"line":430,"column":8},"end":{"line":430,"column":8}},{"start":{"line":430,"column":8},"end":{"line":430,"column":8}}]},"42":{"line":439,"type":"if","locations":[{"start":{"line":439,"column":15},"end":{"line":439,"column":15}},{"start":{"line":439,"column":15},"end":{"line":439,"column":15}}]},"43":{"line":447,"type":"if","locations":[{"start":{"line":447,"column":15},"end":{"line":447,"column":15}},{"start":{"line":447,"column":15},"end":{"line":447,"column":15}}]},"44":{"line":459,"type":"if","locations":[{"start":{"line":459,"column":8},"end":{"line":459,"column":8}},{"start":{"line":459,"column":8},"end":{"line":459,"column":8}}]},"45":{"line":464,"type":"if","locations":[{"start":{"line":464,"column":8},"end":{"line":464,"column":8}},{"start":{"line":464,"column":8},"end":{"line":464,"column":8}}]},"46":{"line":468,"type":"if","locations":[{"start":{"line":468,"column":8},"end":{"line":468,"column":8}},{"start":{"line":468,"column":8},"end":{"line":468,"column":8}}]},"47":{"line":470,"type":"if","locations":[{"start":{"line":470,"column":8},"end":{"line":470,"column":8}},{"start":{"line":470,"column":8},"end":{"line":470,"column":8}}]}}}}